[ 2016-08-28T09:43:48+08:00 ] ::1 /xdm/upload/video/video.mp4
INFO: [ app_init ] --START--
INFO: Run Behavior\BuildLiteBehavior [ RunTime:0.000000s ]
INFO: [ app_init ] --END-- [ RunTime:0.001000s ]
ERR: 无法加载模块:Upload

[ 2016-08-28T09:43:49+08:00 ] ::1 /xdm/upload/201501/1422258610.jpg
INFO: [ app_init ] --START--
INFO: Run Behavior\BuildLiteBehavior [ RunTime:0.000000s ]
INFO: [ app_init ] --END-- [ RunTime:0.001000s ]
ERR: 无法加载模块:Upload

[ 2016-08-28T09:43:49+08:00 ] ::1 /xdm/upload/201607/1468004725.jpg
INFO: [ app_init ] --START--
INFO: Run Behavior\BuildLiteBehavior [ RunTime:0.000000s ]
INFO: [ app_init ] --END-- [ RunTime:0.000000s ]
ERR: 无法加载模块:Upload

[ 2016-08-28T09:43:50+08:00 ] ::1 /xdm/upload/201607/1468238182.jpg
INFO: [ app_init ] --START--
INFO: Run Behavior\BuildLiteBehavior [ RunTime:0.000000s ]
INFO: [ app_init ] --END-- [ RunTime:0.001000s ]
ERR: 无法加载模块:Upload

[ 2016-08-28T09:43:50+08:00 ] ::1 /xdm/upload/201607/1468239291.jpg
INFO: [ app_init ] --START--
INFO: Run Behavior\BuildLiteBehavior [ RunTime:0.000000s ]
INFO: [ app_init ] --END-- [ RunTime:0.000000s ]
ERR: 无法加载模块:Upload

[ 2016-08-28T09:43:51+08:00 ] ::1 /xdm/include/thumb.php?dir=upload/201607/1467882285645304.jpg&x=400&y=235
INFO: [ app_init ] --START--
INFO: Run Behavior\BuildLiteBehavior [ RunTime:0.000000s ]
INFO: [ app_init ] --END-- [ RunTime:0.000000s ]
ERR: 无法加载模块:Include

[ 2016-08-28T09:43:51+08:00 ] ::1 /xdm/include/thumb.php?dir=upload/201607/1467882285941105.jpg&x=400&y=235
INFO: [ app_init ] --START--
INFO: Run Behavior\BuildLiteBehavior [ RunTime:0.000000s ]
INFO: [ app_init ] --END-- [ RunTime:0.000000s ]
ERR: 无法加载模块:Include

[ 2016-08-28T09:43:51+08:00 ] ::1 /xdm/include/thumb.php?dir=upload/201607/1467883017.jpg&x=400&y=235
INFO: [ app_init ] --START--
INFO: Run Behavior\BuildLiteBehavior [ RunTime:0.000000s ]
INFO: [ app_init ] --END-- [ RunTime:0.001000s ]
ERR: 无法加载模块:Include

[ 2016-08-28T09:43:51+08:00 ] ::1 /xdm/upload/201607/1469094497.jpg
INFO: [ app_init ] --START--
INFO: Run Behavior\BuildLiteBehavior [ RunTime:0.002000s ]
INFO: [ app_init ] --END-- [ RunTime:0.007000s ]
ERR: 无法加载模块:Upload

[ 2016-08-28T09:43:51+08:00 ] ::1 /xdm/include/thumb.php?dir=upload/201607/1468331036.jpg&x=400&y=235
INFO: [ app_init ] --START--
INFO: Run Behavior\BuildLiteBehavior [ RunTime:0.000000s ]
INFO: [ app_init ] --END-- [ RunTime:0.000000s ]
ERR: 无法加载模块:Include

[ 2016-08-28T09:43:51+08:00 ] ::1 /xdm/include/thumb.php?dir=upload/201607/1467882284934736.jpg&x=400&y=235
INFO: [ app_init ] --START--
INFO: Run Behavior\BuildLiteBehavior [ RunTime:0.000000s ]
INFO: [ app_init ] --END-- [ RunTime:0.001000s ]
ERR: 无法加载模块:Include

[ 2016-08-28T09:43:51+08:00 ] ::1 /xdm/include/thumb.php?dir=upload/201607/1468310209754605.jpg&x=320&y=180
INFO: [ app_init ] --START--
INFO: Run Behavior\BuildLiteBehavior [ RunTime:0.000000s ]
INFO: [ app_init ] --END-- [ RunTime:0.000000s ]
ERR: 无法加载模块:Include

[ 2016-08-28T09:43:51+08:00 ] ::1 /xdm/include/thumb.php?dir=upload/201607/1468308011101580.png&x=320&y=180
INFO: [ app_init ] --START--
INFO: Run Behavior\BuildLiteBehavior [ RunTime:0.000000s ]
INFO: [ app_init ] --END-- [ RunTime:0.001000s ]
ERR: 无法加载模块:Include

[ 2016-08-28T09:43:51+08:00 ] ::1 /xdm/include/thumb.php?dir=upload/201607/1468308663100221.jpg&x=320&y=180
INFO: [ app_init ] --START--
INFO: Run Behavior\BuildLiteBehavior [ RunTime:0.000000s ]
INFO: [ app_init ] --END-- [ RunTime:0.000000s ]
ERR: 无法加载模块:Include

[ 2016-08-28T09:43:51+08:00 ] ::1 /xdm/include/thumb.php?dir=upload/201607/1468307527675297.jpg&x=320&y=180
INFO: [ app_init ] --START--
INFO: Run Behavior\BuildLiteBehavior [ RunTime:0.000000s ]
INFO: [ app_init ] --END-- [ RunTime:0.001000s ]
ERR: 无法加载模块:Include

[ 2016-08-28T09:43:51+08:00 ] ::1 /xdm/include/thumb.php?dir=upload/201607/1468311919309828.jpg&x=50&y=50
INFO: [ app_init ] --START--
INFO: Run Behavior\BuildLiteBehavior [ RunTime:0.000000s ]
INFO: [ app_init ] --END-- [ RunTime:0.001000s ]
ERR: 无法加载模块:Include

[ 2016-08-28T09:43:51+08:00 ] ::1 /xdm/include/thumb.php?dir=upload/201607/1468311719109132.jpg&x=50&y=50
INFO: [ app_init ] --START--
INFO: Run Behavior\BuildLiteBehavior [ RunTime:0.000000s ]
INFO: [ app_init ] --END-- [ RunTime:0.000000s ]
ERR: 无法加载模块:Include

[ 2016-08-28T09:43:51+08:00 ] ::1 /xdm/include/thumb.php?dir=upload/201607/1468312144140292.jpg&x=50&y=50
INFO: [ app_init ] --START--
INFO: Run Behavior\BuildLiteBehavior [ RunTime:0.000000s ]
INFO: [ app_init ] --END-- [ RunTime:0.000000s ]
ERR: 无法加载模块:Include

